<?xml version="1.0" encoding="UTF-8"?>
<!-- Generated by org.testng.reporters.JUnitXMLReporter -->
<testsuite hostname="SuryaPC" ignored="0" name="Default test" tests="8" failures="0" timestamp="27 Feb 2019 03:58:19 GMT" time="25.538" errors="0">
  <testcase name="launchBrowser" time="11.427" classname="in.srssprojects.keximbank.TestExecution"/>
  <testcase name="testLogin" time="2.372" classname="in.srssprojects.keximbank.TestExecution"/>
  <testcase name="roleCreationWithValidData" time="3.173" classname="in.srssprojects.keximbank.TestExecution"/>
  <testcase name="roleCreationWithDuplicateData" time="2.662" classname="in.srssprojects.keximbank.TestExecution"/>
  <testcase name="roleCreationWithBlankData" time="1.276" classname="in.srssprojects.keximbank.TestExecution"/>
  <testcase name="roleCreationReset" time="1.944" classname="in.srssprojects.keximbank.TestExecution"/>
  <testcase name="roleCreationCancel" time="1.454" classname="in.srssprojects.keximbank.TestExecution"/>
  <testcase name="logoutTest" time="1.137" classname="in.srssprojects.keximbank.TestExecution"/>
</testsuite> <!-- Default test -->
