<?xml version="1.0" encoding="UTF-8"?>
<!-- Generated by org.testng.reporters.JUnitXMLReporter -->
<testsuite hostname="SuryaPC" ignored="4" name="basic test" tests="2" failures="0" timestamp="01 Mar 2019 03:54:55 GMT" time="19.176" errors="0">
  <testcase name="testLogin" time="2.748" classname="in.srssprojects.keximbank.TestExecution"/>
  <testcase name="roleCreationReset" time="2.782" classname="in.srssprojects.keximbank.TestExecution"/>
  <testcase name="roleCreationCancel" time="0.0" classname="in.srssprojects.keximbank.TestExecution">
    <ignored/>
  </testcase> <!-- roleCreationCancel -->
  <testcase name="roleCreationWithBlankData" time="0.0" classname="in.srssprojects.keximbank.TestExecution">
    <ignored/>
  </testcase> <!-- roleCreationWithBlankData -->
  <testcase name="roleCreationWithValidData" time="0.0" classname="in.srssprojects.keximbank.TestExecution">
    <ignored/>
  </testcase> <!-- roleCreationWithValidData -->
  <testcase name="roleCreationWithDuplicateData" time="0.0" classname="in.srssprojects.keximbank.TestExecution">
    <ignored/>
  </testcase> <!-- roleCreationWithDuplicateData -->
</testsuite> <!-- basic test -->
