<?xml version="1.0" encoding="UTF-8"?>
<!-- Generated by org.testng.reporters.JUnitXMLReporter -->
<testsuite hostname="SuryaPC" ignored="16" name="basic test" tests="7" failures="6" timestamp="08 Mar 2019 04:05:26 GMT" time="42.325" errors="0">
  <testcase name="testLogin" time="3.01" classname="in.srssprojects.keximbank.TestExecution"/>
  <testcase name="branchCreationWithDDUsingDP" time="5.988" classname="in.srssprojects.keximbank.TestExecution">
    <failure type="java.lang.AssertionError" message="expected [true] but found [false]">
      <![CDATA[java.lang.AssertionError: expected [true] but found [false]
at in.srssprojects.keximbank.TestExecution.branchCreationWithDDUsingDP(TestExecution.java:251)
... Removed 29 stack frames]]>
    </failure>
  </testcase> <!-- branchCreationWithDDUsingDP -->
  <testcase name="branchCreationWithDDUsingDP" time="3.355" classname="in.srssprojects.keximbank.TestExecution">
    <failure type="java.lang.AssertionError" message="expected [true] but found [false]">
      <![CDATA[java.lang.AssertionError: expected [true] but found [false]
at in.srssprojects.keximbank.TestExecution.branchCreationWithDDUsingDP(TestExecution.java:251)
... Removed 29 stack frames]]>
    </failure>
  </testcase> <!-- branchCreationWithDDUsingDP -->
  <testcase name="branchCreationWithDDUsingDP" time="3.513" classname="in.srssprojects.keximbank.TestExecution">
    <failure type="java.lang.AssertionError" message="expected [true] but found [false]">
      <![CDATA[java.lang.AssertionError: expected [true] but found [false]
at in.srssprojects.keximbank.TestExecution.branchCreationWithDDUsingDP(TestExecution.java:251)
... Removed 29 stack frames]]>
    </failure>
  </testcase> <!-- branchCreationWithDDUsingDP -->
  <testcase name="branchCreationWithDDUsingDP" time="3.685" classname="in.srssprojects.keximbank.TestExecution">
    <failure type="java.lang.AssertionError" message="expected [true] but found [false]">
      <![CDATA[java.lang.AssertionError: expected [true] but found [false]
at in.srssprojects.keximbank.TestExecution.branchCreationWithDDUsingDP(TestExecution.java:251)
... Removed 29 stack frames]]>
    </failure>
  </testcase> <!-- branchCreationWithDDUsingDP -->
  <testcase name="branchCreationWithDDUsingDP" time="4.182" classname="in.srssprojects.keximbank.TestExecution">
    <failure type="java.lang.AssertionError" message="expected [true] but found [false]">
      <![CDATA[java.lang.AssertionError: expected [true] but found [false]
at in.srssprojects.keximbank.TestExecution.branchCreationWithDDUsingDP(TestExecution.java:251)
... Removed 29 stack frames]]>
    </failure>
  </testcase> <!-- branchCreationWithDDUsingDP -->
  <testcase name="branchCreationWithDDUsingDP" time="3.365" classname="in.srssprojects.keximbank.TestExecution">
    <failure type="java.lang.AssertionError" message="expected [true] but found [false]">
      <![CDATA[java.lang.AssertionError: expected [true] but found [false]
at in.srssprojects.keximbank.TestExecution.branchCreationWithDDUsingDP(TestExecution.java:251)
... Removed 29 stack frames]]>
    </failure>
  </testcase> <!-- branchCreationWithDDUsingDP -->
  <testcase name="employeeCreationWithBlankData" time="0.0" classname="in.srssprojects.keximbank.TestExecution">
    <ignored/>
  </testcase> <!-- employeeCreationWithBlankData -->
  <testcase name="roleCreationReset" time="0.0" classname="in.srssprojects.keximbank.TestExecution">
    <ignored/>
  </testcase> <!-- roleCreationReset -->
  <testcase name="branchDetailssearch" time="0.0" classname="in.srssprojects.keximbank.TestExecution">
    <ignored/>
  </testcase> <!-- branchDetailssearch -->
  <testcase name="branchCreationRest" time="0.0" classname="in.srssprojects.keximbank.TestExecution">
    <ignored/>
  </testcase> <!-- branchCreationRest -->
  <testcase name="branchCreationCancel" time="0.0" classname="in.srssprojects.keximbank.TestExecution">
    <ignored/>
  </testcase> <!-- branchCreationCancel -->
  <testcase name="employeeCreationWithDuplicateData" time="0.0" classname="in.srssprojects.keximbank.TestExecution">
    <ignored/>
  </testcase> <!-- employeeCreationWithDuplicateData -->
  <testcase name="employeeCreationReset" time="0.0" classname="in.srssprojects.keximbank.TestExecution">
    <ignored/>
  </testcase> <!-- employeeCreationReset -->
  <testcase name="employeeCreationwithValidData" time="0.0" classname="in.srssprojects.keximbank.TestExecution">
    <ignored/>
  </testcase> <!-- employeeCreationwithValidData -->
  <testcase name="roleCreationCancel" time="0.0" classname="in.srssprojects.keximbank.TestExecution">
    <ignored/>
  </testcase> <!-- roleCreationCancel -->
  <testcase name="roleCreationWithBlankData" time="0.0" classname="in.srssprojects.keximbank.TestExecution">
    <ignored/>
  </testcase> <!-- roleCreationWithBlankData -->
  <testcase name="branchCreationWithValidData" time="0.0" classname="in.srssprojects.keximbank.TestExecution">
    <ignored/>
  </testcase> <!-- branchCreationWithValidData -->
  <testcase name="roleCreationWithValidData" time="0.0" classname="in.srssprojects.keximbank.TestExecution">
    <ignored/>
  </testcase> <!-- roleCreationWithValidData -->
  <testcase name="branchCreationWithBlankData" time="0.0" classname="in.srssprojects.keximbank.TestExecution">
    <ignored/>
  </testcase> <!-- branchCreationWithBlankData -->
  <testcase name="branchCreationWithDuplicateData" time="0.0" classname="in.srssprojects.keximbank.TestExecution">
    <ignored/>
  </testcase> <!-- branchCreationWithDuplicateData -->
  <testcase name="roleCreationWithDuplicateData" time="0.0" classname="in.srssprojects.keximbank.TestExecution">
    <ignored/>
  </testcase> <!-- roleCreationWithDuplicateData -->
  <testcase name="employeeCreationCancel" time="0.0" classname="in.srssprojects.keximbank.TestExecution">
    <ignored/>
  </testcase> <!-- employeeCreationCancel -->
</testsuite> <!-- basic test -->
