<?xml version="1.0" encoding="UTF-8"?>
<!-- Generated by org.testng.reporters.JUnitXMLReporter -->
<testsuite hostname="SuryaPC" ignored="0" name="Default test" tests="8" failures="0" timestamp="01 Mar 2019 03:28:52 GMT" time="24.561" errors="0">
  <testcase name="browserLaunch" time="10.947" classname="in.srssprojects.keximbank.TestExecution"/>
  <testcase name="testLogin" time="2.543" classname="in.srssprojects.keximbank.TestExecution"/>
  <testcase name="roleCreationWithValidData" time="3.196" classname="in.srssprojects.keximbank.TestExecution"/>
  <testcase name="roleCreationWithDuplicateData" time="2.281" classname="in.srssprojects.keximbank.TestExecution"/>
  <testcase name="roleCreationWithBlankData" time="0.995" classname="in.srssprojects.keximbank.TestExecution"/>
  <testcase name="roleCreationReset" time="2.181" classname="in.srssprojects.keximbank.TestExecution"/>
  <testcase name="roleCreationCancel" time="1.342" classname="in.srssprojects.keximbank.TestExecution"/>
  <testcase name="logoutTest" time="0.982" classname="in.srssprojects.keximbank.TestExecution"/>
</testsuite> <!-- Default test -->
