<?xml version="1.0" encoding="UTF-8"?>
<!-- Generated by org.testng.reporters.JUnitXMLReporter -->
<testsuite hostname="SuryaPC" ignored="14" name="chrome test" tests="4" failures="1" timestamp="14 Mar 2019 03:30:59 GMT" time="42.787" errors="0">
  <testcase name="testLogin" time="3.881" classname="in.srssprojects.keximbank.TestExecution"/>
  <testcase name="roleCreationReset" time="3.82" classname="in.srssprojects.keximbank.TestExecution">
    <failure type="java.lang.AssertionError" message="expected [true] but found [false]">
      <![CDATA[java.lang.AssertionError: expected [true] but found [false]
at in.srssprojects.keximbank.TestExecution.roleCreationReset(TestExecution.java:88)
... Removed 29 stack frames]]>
    </failure>
  </testcase> <!-- roleCreationReset -->
  <testcase name="employeeCreationReset" time="8.021" classname="in.srssprojects.keximbank.TestExecution"/>
  <testcase name="branchCreationRest" time="6.5" classname="in.srssprojects.keximbank.TestExecution"/>
  <testcase name="employeeCreationWithBlankData" time="0.0" classname="in.srssprojects.keximbank.TestExecution">
    <ignored/>
  </testcase> <!-- employeeCreationWithBlankData -->
  <testcase name="branchDetailssearch" time="0.0" classname="in.srssprojects.keximbank.TestExecution">
    <ignored/>
  </testcase> <!-- branchDetailssearch -->
  <testcase name="branchCreationCancel" time="0.0" classname="in.srssprojects.keximbank.TestExecution">
    <ignored/>
  </testcase> <!-- branchCreationCancel -->
  <testcase name="employeeCreationWithDuplicateData" time="0.0" classname="in.srssprojects.keximbank.TestExecution">
    <ignored/>
  </testcase> <!-- employeeCreationWithDuplicateData -->
  <testcase name="employeeCreationwithValidData" time="0.0" classname="in.srssprojects.keximbank.TestExecution">
    <ignored/>
  </testcase> <!-- employeeCreationwithValidData -->
  <testcase name="branchCreationWithDDUsingDP" time="0.0" classname="in.srssprojects.keximbank.TestExecution">
    <ignored/>
  </testcase> <!-- branchCreationWithDDUsingDP -->
  <testcase name="roleCreationCancel" time="0.0" classname="in.srssprojects.keximbank.TestExecution">
    <ignored/>
  </testcase> <!-- roleCreationCancel -->
  <testcase name="roleCreationWithBlankData" time="0.0" classname="in.srssprojects.keximbank.TestExecution">
    <ignored/>
  </testcase> <!-- roleCreationWithBlankData -->
  <testcase name="branchCreationWithValidData" time="0.0" classname="in.srssprojects.keximbank.TestExecution">
    <ignored/>
  </testcase> <!-- branchCreationWithValidData -->
  <testcase name="roleCreationWithValidData" time="0.0" classname="in.srssprojects.keximbank.TestExecution">
    <ignored/>
  </testcase> <!-- roleCreationWithValidData -->
  <testcase name="branchCreationWithBlankData" time="0.0" classname="in.srssprojects.keximbank.TestExecution">
    <ignored/>
  </testcase> <!-- branchCreationWithBlankData -->
  <testcase name="branchCreationWithDuplicateData" time="0.0" classname="in.srssprojects.keximbank.TestExecution">
    <ignored/>
  </testcase> <!-- branchCreationWithDuplicateData -->
  <testcase name="roleCreationWithDuplicateData" time="0.0" classname="in.srssprojects.keximbank.TestExecution">
    <ignored/>
  </testcase> <!-- roleCreationWithDuplicateData -->
  <testcase name="employeeCreationCancel" time="0.0" classname="in.srssprojects.keximbank.TestExecution">
    <ignored/>
  </testcase> <!-- employeeCreationCancel -->
</testsuite> <!-- chrome test -->
