<?xml version="1.0" encoding="UTF-8"?>
<testng-results skipped="0" failed="1" ignored="14" total="18" passed="3">
  <reporter-output>
  </reporter-output>
  <suite name="grid suite" duration-ms="42787" started-at="2019-03-14T03:30:16Z" finished-at="2019-03-14T03:30:58Z">
    <groups>
      <group name="valid">
        <method signature="TestExecution.branchCreationRest()[pri:16, instance:in.srssprojects.keximbank.GridExecution@146ba0ac]" name="branchCreationRest" class="in.srssprojects.keximbank.TestExecution"/>
        <method signature="TestExecution.employeeCreationReset()[pri:11, instance:in.srssprojects.keximbank.GridExecution@146ba0ac]" name="employeeCreationReset" class="in.srssprojects.keximbank.TestExecution"/>
        <method signature="TestExecution.roleCreationReset()[pri:5, instance:in.srssprojects.keximbank.GridExecution@146ba0ac]" name="roleCreationReset" class="in.srssprojects.keximbank.TestExecution"/>
        <method signature="TestExecution.testLogin()[pri:1, instance:in.srssprojects.keximbank.GridExecution@146ba0ac]" name="testLogin" class="in.srssprojects.keximbank.TestExecution"/>
      </group> <!-- valid -->
      <group name="cancel">
        <method signature="TestExecution.testLogin()[pri:1, instance:in.srssprojects.keximbank.GridExecution@146ba0ac]" name="testLogin" class="in.srssprojects.keximbank.TestExecution"/>
      </group> <!-- cancel -->
      <group name="role">
        <method signature="TestExecution.roleCreationReset()[pri:5, instance:in.srssprojects.keximbank.GridExecution@146ba0ac]" name="roleCreationReset" class="in.srssprojects.keximbank.TestExecution"/>
        <method signature="TestExecution.testLogin()[pri:1, instance:in.srssprojects.keximbank.GridExecution@146ba0ac]" name="testLogin" class="in.srssprojects.keximbank.TestExecution"/>
      </group> <!-- role -->
      <group name="invalid">
        <method signature="TestExecution.testLogin()[pri:1, instance:in.srssprojects.keximbank.GridExecution@146ba0ac]" name="testLogin" class="in.srssprojects.keximbank.TestExecution"/>
      </group> <!-- invalid -->
      <group name="reset">
        <method signature="TestExecution.branchCreationRest()[pri:16, instance:in.srssprojects.keximbank.GridExecution@146ba0ac]" name="branchCreationRest" class="in.srssprojects.keximbank.TestExecution"/>
        <method signature="TestExecution.employeeCreationReset()[pri:11, instance:in.srssprojects.keximbank.GridExecution@146ba0ac]" name="employeeCreationReset" class="in.srssprojects.keximbank.TestExecution"/>
        <method signature="TestExecution.roleCreationReset()[pri:5, instance:in.srssprojects.keximbank.GridExecution@146ba0ac]" name="roleCreationReset" class="in.srssprojects.keximbank.TestExecution"/>
        <method signature="TestExecution.testLogin()[pri:1, instance:in.srssprojects.keximbank.GridExecution@146ba0ac]" name="testLogin" class="in.srssprojects.keximbank.TestExecution"/>
      </group> <!-- reset -->
      <group name="create">
        <method signature="TestExecution.testLogin()[pri:1, instance:in.srssprojects.keximbank.GridExecution@146ba0ac]" name="testLogin" class="in.srssprojects.keximbank.TestExecution"/>
      </group> <!-- create -->
      <group name="employee">
        <method signature="TestExecution.employeeCreationReset()[pri:11, instance:in.srssprojects.keximbank.GridExecution@146ba0ac]" name="employeeCreationReset" class="in.srssprojects.keximbank.TestExecution"/>
        <method signature="TestExecution.testLogin()[pri:1, instance:in.srssprojects.keximbank.GridExecution@146ba0ac]" name="testLogin" class="in.srssprojects.keximbank.TestExecution"/>
      </group> <!-- employee -->
      <group name="branch">
        <method signature="TestExecution.branchCreationRest()[pri:16, instance:in.srssprojects.keximbank.GridExecution@146ba0ac]" name="branchCreationRest" class="in.srssprojects.keximbank.TestExecution"/>
        <method signature="TestExecution.testLogin()[pri:1, instance:in.srssprojects.keximbank.GridExecution@146ba0ac]" name="testLogin" class="in.srssprojects.keximbank.TestExecution"/>
      </group> <!-- branch -->
    </groups>
    <test name="chrome test" duration-ms="42787" started-at="2019-03-14T03:30:16Z" finished-at="2019-03-14T03:30:58Z">
      <class name="in.srssprojects.keximbank.GridExecution">
        <test-method status="PASS" signature="browserLaunch(java.lang.String, java.lang.String, java.lang.String, java.lang.String)[pri:0, instance:in.srssprojects.keximbank.GridExecution@146ba0ac]" name="browserLaunch" is-config="true" duration-ms="16937" started-at="2019-03-14T03:30:16Z" finished-at="2019-03-14T03:30:33Z">
          <params>
            <param index="0">
              <value>
                <![CDATA[chrome]]>
              </value>
            </param>
            <param index="1">
              <value>
                <![CDATA[http://www.srssprojects.in]]>
              </value>
            </param>
            <param index="2">
              <value>
                <![CDATA[http://192.168.1.21:35720/wd/hub]]>
              </value>
            </param>
            <param index="3">
              <value>
                <![CDATA[windows]]>
              </value>
            </param>
          </params>
          <reporter-output>
          </reporter-output>
        </test-method> <!-- browserLaunch -->
        <test-method status="PASS" signature="testLogin()[pri:1, instance:in.srssprojects.keximbank.GridExecution@146ba0ac]" name="testLogin" duration-ms="3881" started-at="2019-03-14T03:30:33Z" finished-at="2019-03-14T03:30:37Z">
          <reporter-output>
          </reporter-output>
        </test-method> <!-- testLogin -->
        <test-method status="FAIL" signature="roleCreationReset()[pri:5, instance:in.srssprojects.keximbank.GridExecution@146ba0ac]" name="roleCreationReset" duration-ms="3820" started-at="2019-03-14T03:30:37Z" finished-at="2019-03-14T03:30:40Z">
          <exception class="java.lang.AssertionError">
            <message>
              <![CDATA[expected [true] but found [false]]]>
            </message>
            <full-stacktrace>
              <![CDATA[java.lang.AssertionError: expected [true] but found [false]
at org.testng.Assert.fail(Assert.java:96)
at org.testng.Assert.failNotEquals(Assert.java:776)
at org.testng.Assert.assertTrue(Assert.java:44)
at org.testng.Assert.assertTrue(Assert.java:54)
at in.srssprojects.keximbank.TestExecution.roleCreationReset(TestExecution.java:88)
at sun.reflect.NativeMethodAccessorImpl.invoke0(Native Method)
at sun.reflect.NativeMethodAccessorImpl.invoke(Unknown Source)
at sun.reflect.DelegatingMethodAccessorImpl.invoke(Unknown Source)
at java.lang.reflect.Method.invoke(Unknown Source)
at org.testng.internal.MethodInvocationHelper.invokeMethod(MethodInvocationHelper.java:124)
at org.testng.internal.Invoker.invokeMethod(Invoker.java:583)
at org.testng.internal.Invoker.invokeTestMethod(Invoker.java:719)
at org.testng.internal.Invoker.invokeTestMethods(Invoker.java:989)
at org.testng.internal.TestMethodWorker.invokeTestMethods(TestMethodWorker.java:125)
at org.testng.internal.TestMethodWorker.run(TestMethodWorker.java:109)
at org.testng.TestRunner.privateRun(TestRunner.java:648)
at org.testng.TestRunner.run(TestRunner.java:505)
at org.testng.SuiteRunner.runTest(SuiteRunner.java:455)
at org.testng.SuiteRunner.runSequentially(SuiteRunner.java:450)
at org.testng.SuiteRunner.privateRun(SuiteRunner.java:415)
at org.testng.SuiteRunner.run(SuiteRunner.java:364)
at org.testng.SuiteRunnerWorker.runSuite(SuiteRunnerWorker.java:52)
at org.testng.SuiteRunnerWorker.run(SuiteRunnerWorker.java:84)
at org.testng.TestNG.runSuitesSequentially(TestNG.java:1208)
at org.testng.TestNG.runSuitesLocally(TestNG.java:1137)
at org.testng.TestNG.runSuites(TestNG.java:1049)
at org.testng.TestNG.run(TestNG.java:1017)
at org.testng.remote.AbstractRemoteTestNG.run(AbstractRemoteTestNG.java:115)
at org.testng.remote.RemoteTestNG.initAndRun(RemoteTestNG.java:251)
at org.testng.remote.RemoteTestNG.main(RemoteTestNG.java:77)
]]>
            </full-stacktrace>
          </exception> <!-- java.lang.AssertionError -->
          <reporter-output>
          </reporter-output>
        </test-method> <!-- roleCreationReset -->
        <test-method status="PASS" signature="employeeCreationReset()[pri:11, instance:in.srssprojects.keximbank.GridExecution@146ba0ac]" name="employeeCreationReset" duration-ms="8021" started-at="2019-03-14T03:30:42Z" finished-at="2019-03-14T03:30:50Z">
          <reporter-output>
          </reporter-output>
        </test-method> <!-- employeeCreationReset -->
        <test-method status="PASS" signature="branchCreationRest()[pri:16, instance:in.srssprojects.keximbank.GridExecution@146ba0ac]" name="branchCreationRest" duration-ms="6500" started-at="2019-03-14T03:30:50Z" finished-at="2019-03-14T03:30:56Z">
          <reporter-output>
          </reporter-output>
        </test-method> <!-- branchCreationRest -->
        <test-method status="PASS" signature="logoutTest()[pri:0, instance:in.srssprojects.keximbank.GridExecution@146ba0ac]" name="logoutTest" is-config="true" duration-ms="2021" started-at="2019-03-14T03:30:56Z" finished-at="2019-03-14T03:30:58Z">
          <reporter-output>
          </reporter-output>
        </test-method> <!-- logoutTest -->
      </class> <!-- in.srssprojects.keximbank.GridExecution -->
    </test> <!-- chrome test -->
  </suite> <!-- grid suite -->
</testng-results>
