<?xml version="1.0" encoding="UTF-8"?>
<!-- Generated by org.testng.reporters.JUnitXMLReporter -->
<testsuite hostname="SuryaPC" ignored="11" name="groups test" tests="7" failures="1" timestamp="11 Mar 2019 04:06:56 GMT" time="53.811" errors="0">
  <testcase name="testLogin" time="8.307" classname="in.srssprojects.keximbank.TestExecution"/>
  <testcase name="roleCreationReset" time="2.804" classname="in.srssprojects.keximbank.TestExecution">
    <failure type="java.lang.AssertionError" message="expected [true] but found [false]">
      <![CDATA[java.lang.AssertionError: expected [true] but found [false]
at in.srssprojects.keximbank.TestExecution.roleCreationReset(TestExecution.java:88)
... Removed 29 stack frames]]>
    </failure>
  </testcase> <!-- roleCreationReset -->
  <testcase name="roleCreationCancel" time="1.52" classname="in.srssprojects.keximbank.TestExecution"/>
  <testcase name="employeeCreationReset" time="9.757" classname="in.srssprojects.keximbank.TestExecution"/>
  <testcase name="employeeCreationCancel" time="6.809" classname="in.srssprojects.keximbank.TestExecution"/>
  <testcase name="branchCreationRest" time="5.16" classname="in.srssprojects.keximbank.TestExecution"/>
  <testcase name="branchCreationCancel" time="1.745" classname="in.srssprojects.keximbank.TestExecution"/>
  <testcase name="employeeCreationwithValidData" time="0.0" classname="in.srssprojects.keximbank.TestExecution">
    <ignored/>
  </testcase> <!-- employeeCreationwithValidData -->
  <testcase name="branchCreationWithDDUsingDP" time="0.0" classname="in.srssprojects.keximbank.TestExecution">
    <ignored/>
  </testcase> <!-- branchCreationWithDDUsingDP -->
  <testcase name="employeeCreationWithBlankData" time="0.0" classname="in.srssprojects.keximbank.TestExecution">
    <ignored/>
  </testcase> <!-- employeeCreationWithBlankData -->
  <testcase name="roleCreationWithBlankData" time="0.0" classname="in.srssprojects.keximbank.TestExecution">
    <ignored/>
  </testcase> <!-- roleCreationWithBlankData -->
  <testcase name="branchCreationWithValidData" time="0.0" classname="in.srssprojects.keximbank.TestExecution">
    <ignored/>
  </testcase> <!-- branchCreationWithValidData -->
  <testcase name="roleCreationWithValidData" time="0.0" classname="in.srssprojects.keximbank.TestExecution">
    <ignored/>
  </testcase> <!-- roleCreationWithValidData -->
  <testcase name="branchCreationWithBlankData" time="0.0" classname="in.srssprojects.keximbank.TestExecution">
    <ignored/>
  </testcase> <!-- branchCreationWithBlankData -->
  <testcase name="branchDetailssearch" time="0.0" classname="in.srssprojects.keximbank.TestExecution">
    <ignored/>
  </testcase> <!-- branchDetailssearch -->
  <testcase name="employeeCreationWithDuplicateData" time="0.0" classname="in.srssprojects.keximbank.TestExecution">
    <ignored/>
  </testcase> <!-- employeeCreationWithDuplicateData -->
  <testcase name="branchCreationWithDuplicateData" time="0.0" classname="in.srssprojects.keximbank.TestExecution">
    <ignored/>
  </testcase> <!-- branchCreationWithDuplicateData -->
  <testcase name="roleCreationWithDuplicateData" time="0.0" classname="in.srssprojects.keximbank.TestExecution">
    <ignored/>
  </testcase> <!-- roleCreationWithDuplicateData -->
</testsuite> <!-- groups test -->
